{
  "uid" : "7817a2a7f16aaaf8",
  "name" : "TestSimpleAndroid.test_02TextView",
  "title" : "Test 02 text view",
  "time" : {
    "start" : 1526228995225,
    "stop" : 1526229013300,
    "duration" : 18075
  },
  "summary" : {
    "attachments" : 2,
    "steps" : 15
  },
  "failure" : {
    "message" : "AssertionError: Mismatched!! Actual result: Selectable <-> expectation: NotSelectable",
    "stackTrace" : "API_Demos.py:174: in test_02TextView\n    Util.verifyCheckPoint(Util(), driver, selectableText.text, \"NotSelectable\", request, log)\nUtilities/util.py:151: in verifyCheckPoint\n    assert 0, 'Mismatched!! Actual result: {0} <-> expectation: {1}'.format(actual, expectation)\nE   AssertionError: Mismatched!! Actual result: Selectable <-> expectation: NotSelectable"
  },
  "description" : null,
  "severity" : "NORMAL",
  "status" : "FAILED",
  "testId" : null,
  "suite" : {
    "uid" : "eac2e00a8293bdec",
    "name" : "API_Demos",
    "title" : "API demos"
  },
  "steps" : [ {
    "name" : "Click Views",
    "title" : "Click Views",
    "time" : {
      "start" : 1526228996800,
      "stop" : 1526229003109,
      "duration" : 6309
    },
    "summary" : {
      "attachments" : 0,
      "steps" : 1
    },
    "status" : "PASSED",
    "attachments" : [ ],
    "steps" : [ {
      "name" : "Click Views",
      "title" : "Click Views",
      "time" : {
        "start" : 1526229002697,
        "stop" : 1526229002699,
        "duration" : 2
      },
      "summary" : {
        "attachments" : 0,
        "steps" : 0
      },
      "status" : "PASSED",
      "attachments" : [ ],
      "steps" : [ ]
    } ]
  }, {
    "name" : "Click Views",
    "title" : "Click Views",
    "time" : {
      "start" : 1526229003109,
      "stop" : 1526229010772,
      "duration" : 7663
    },
    "summary" : {
      "attachments" : 0,
      "steps" : 1
    },
    "status" : "PASSED",
    "attachments" : [ ],
    "steps" : [ {
      "name" : "Click Views",
      "title" : "Click Views",
      "time" : {
        "start" : 1526229010487,
        "stop" : 1526229010487,
        "duration" : 0
      },
      "summary" : {
        "attachments" : 0,
        "steps" : 0
      },
      "status" : "PASSED",
      "attachments" : [ ],
      "steps" : [ ]
    } ]
  }, {
    "name" : "Click TextView",
    "title" : "Click TextView",
    "time" : {
      "start" : 1526229010772,
      "stop" : 1526229011684,
      "duration" : 912
    },
    "summary" : {
      "attachments" : 0,
      "steps" : 1
    },
    "status" : "PASSED",
    "attachments" : [ ],
    "steps" : [ {
      "name" : "Click TextView",
      "title" : "Click TextView",
      "time" : {
        "start" : 1526229010772,
        "stop" : 1526229010773,
        "duration" : 1
      },
      "summary" : {
        "attachments" : 0,
        "steps" : 0
      },
      "status" : "PASSED",
      "attachments" : [ ],
      "steps" : [ ]
    } ]
  }, {
    "name" : "Verify 4 text types exists",
    "title" : "Verify 4 text types exists",
    "time" : {
      "start" : 1526229011684,
      "stop" : 1526229013248,
      "duration" : 1564
    },
    "summary" : {
      "attachments" : 1,
      "steps" : 8
    },
    "status" : "FAILED",
    "attachments" : [ ],
    "steps" : [ {
      "name" : "Verify small text",
      "title" : "Verify small text",
      "time" : {
        "start" : 1526229011684,
        "stop" : 1526229011684,
        "duration" : 0
      },
      "summary" : {
        "attachments" : 0,
        "steps" : 0
      },
      "status" : "PASSED",
      "attachments" : [ ],
      "steps" : [ ]
    }, {
      "name" : "Pass~ Actual result: Small match expectation: Small",
      "title" : "Pass~ Actual result: Small match expectation: Small",
      "time" : {
        "start" : 1526229012390,
        "stop" : 1526229012390,
        "duration" : 0
      },
      "summary" : {
        "attachments" : 0,
        "steps" : 0
      },
      "status" : "PASSED",
      "attachments" : [ ],
      "steps" : [ ]
    }, {
      "name" : "Verify medium text",
      "title" : "Verify medium text",
      "time" : {
        "start" : 1526229012390,
        "stop" : 1526229012391,
        "duration" : 1
      },
      "summary" : {
        "attachments" : 0,
        "steps" : 0
      },
      "status" : "PASSED",
      "attachments" : [ ],
      "steps" : [ ]
    }, {
      "name" : "Pass~ Actual result: Medium match expectation: Medium",
      "title" : "Pass~ Actual result: Medium match expectation: Medium",
      "time" : {
        "start" : 1526229012442,
        "stop" : 1526229012443,
        "duration" : 1
      },
      "summary" : {
        "attachments" : 0,
        "steps" : 0
      },
      "status" : "PASSED",
      "attachments" : [ ],
      "steps" : [ ]
    }, {
      "name" : "Verify large text",
      "title" : "Verify large text",
      "time" : {
        "start" : 1526229012443,
        "stop" : 1526229012443,
        "duration" : 0
      },
      "summary" : {
        "attachments" : 0,
        "steps" : 0
      },
      "status" : "PASSED",
      "attachments" : [ ],
      "steps" : [ ]
    }, {
      "name" : "Pass~ Actual result: Large match expectation: Large",
      "title" : "Pass~ Actual result: Large match expectation: Large",
      "time" : {
        "start" : 1526229012500,
        "stop" : 1526229012500,
        "duration" : 0
      },
      "summary" : {
        "attachments" : 0,
        "steps" : 0
      },
      "status" : "PASSED",
      "attachments" : [ ],
      "steps" : [ ]
    }, {
      "name" : "Verify selectable text",
      "title" : "Verify selectable text",
      "time" : {
        "start" : 1526229012500,
        "stop" : 1526229012500,
        "duration" : 0
      },
      "summary" : {
        "attachments" : 0,
        "steps" : 0
      },
      "status" : "PASSED",
      "attachments" : [ ],
      "steps" : [ ]
    }, {
      "name" : "Mismatched!! Actual result: Selectable <-> expectation: NotSelectable",
      "title" : "Mismatched!! Actual result: Selectable <-> expectation: NotSelectable",
      "time" : {
        "start" : 1526229012570,
        "stop" : 1526229013248,
        "duration" : 678
      },
      "summary" : {
        "attachments" : 1,
        "steps" : 0
      },
      "status" : "FAILED",
      "attachments" : [ {
        "title" : "Assertion error screenshot",
        "source" : "963bf678-d18e-4b36-833e-9f97331b4399-attachment.png",
        "type" : "image/png",
        "size" : 79243,
        "uid" : "1a691705a7d9231"
      } ],
      "steps" : [ ]
    } ]
  } ],
  "attachments" : [ {
    "title" : "Test completed screenshot",
    "source" : "34942ef1-f346-43ac-8694-ce6c2a54c8c5-attachment.png",
    "type" : "image/png",
    "size" : 79243,
    "uid" : "b8e3d66cedd8ef13"
  } ],
  "issues" : [ ],
  "labels" : [ {
    "name" : "story",
    "value" : "Text on text view check"
  }, {
    "name" : "host",
    "value" : "Dag-MacBook-Pro"
  }, {
    "name" : "thread",
    "value" : "23977-MainThread"
  }, {
    "name" : "suite-name",
    "value" : "API_Demos"
  }, {
    "name" : "framework",
    "value" : "pytest"
  }, {
    "name" : "feature",
    "value" : "API Demo Test"
  }, {
    "name" : "suite-title",
    "value" : null
  }, {
    "name" : "severity",
    "value" : "normal"
  }, {
    "name" : "language",
    "value" : "cpython3"
  } ],
  "parameters" : [ ]
}