{
  "uid" : "86308dd5f52e8362",
  "name" : "TestSimpleAndroid.test_02TextView",
  "title" : "Test 02 text view",
  "time" : {
    "start" : 1526228696871,
    "stop" : 1526228712032,
    "duration" : 15161
  },
  "summary" : {
    "attachments" : 2,
    "steps" : 15
  },
  "failure" : {
    "message" : "AssertionError: Mismatched!! Actual result: Selectable <-> expectation: NotSelectable",
    "stackTrace" : "API_Demos.py:174: in test_02TextView\n    Util.verifyCheckPoint(Util(), driver, selectableText.text, \"NotSelectable\", request, log)\nUtilities/util.py:151: in verifyCheckPoint\n    assert 0, 'Mismatched!! Actual result: {0} <-> expectation: {1}'.format(actual, expectation)\nE   AssertionError: Mismatched!! Actual result: Selectable <-> expectation: NotSelectable"
  },
  "description" : null,
  "severity" : "NORMAL",
  "status" : "FAILED",
  "testId" : null,
  "suite" : {
    "uid" : "ef10ed0a64e23c66",
    "name" : "API_Demos",
    "title" : "API demos"
  },
  "steps" : [ {
    "name" : "Click Views",
    "title" : "Click Views",
    "time" : {
      "start" : 1526228698572,
      "stop" : 1526228701742,
      "duration" : 3170
    },
    "summary" : {
      "attachments" : 0,
      "steps" : 1
    },
    "status" : "PASSED",
    "attachments" : [ ],
    "steps" : [ {
      "name" : "Click Views",
      "title" : "Click Views",
      "time" : {
        "start" : 1526228701323,
        "stop" : 1526228701324,
        "duration" : 1
      },
      "summary" : {
        "attachments" : 0,
        "steps" : 0
      },
      "status" : "PASSED",
      "attachments" : [ ],
      "steps" : [ ]
    } ]
  }, {
    "name" : "Click Views",
    "title" : "Click Views",
    "time" : {
      "start" : 1526228701742,
      "stop" : 1526228709407,
      "duration" : 7665
    },
    "summary" : {
      "attachments" : 0,
      "steps" : 1
    },
    "status" : "PASSED",
    "attachments" : [ ],
    "steps" : [ {
      "name" : "Click Views",
      "title" : "Click Views",
      "time" : {
        "start" : 1526228709079,
        "stop" : 1526228709084,
        "duration" : 5
      },
      "summary" : {
        "attachments" : 0,
        "steps" : 0
      },
      "status" : "PASSED",
      "attachments" : [ ],
      "steps" : [ ]
    } ]
  }, {
    "name" : "Click TextView",
    "title" : "Click TextView",
    "time" : {
      "start" : 1526228709407,
      "stop" : 1526228710289,
      "duration" : 882
    },
    "summary" : {
      "attachments" : 0,
      "steps" : 1
    },
    "status" : "PASSED",
    "attachments" : [ ],
    "steps" : [ {
      "name" : "Click TextView",
      "title" : "Click TextView",
      "time" : {
        "start" : 1526228709407,
        "stop" : 1526228709408,
        "duration" : 1
      },
      "summary" : {
        "attachments" : 0,
        "steps" : 0
      },
      "status" : "PASSED",
      "attachments" : [ ],
      "steps" : [ ]
    } ]
  }, {
    "name" : "Verify 4 text types exists",
    "title" : "Verify 4 text types exists",
    "time" : {
      "start" : 1526228710289,
      "stop" : 1526228711977,
      "duration" : 1688
    },
    "summary" : {
      "attachments" : 1,
      "steps" : 8
    },
    "status" : "FAILED",
    "attachments" : [ ],
    "steps" : [ {
      "name" : "Verify small text",
      "title" : "Verify small text",
      "time" : {
        "start" : 1526228710289,
        "stop" : 1526228710290,
        "duration" : 1
      },
      "summary" : {
        "attachments" : 0,
        "steps" : 0
      },
      "status" : "PASSED",
      "attachments" : [ ],
      "steps" : [ ]
    }, {
      "name" : "Pass~ Actual result: Small match expectation: Small",
      "title" : "Pass~ Actual result: Small match expectation: Small",
      "time" : {
        "start" : 1526228711012,
        "stop" : 1526228711012,
        "duration" : 0
      },
      "summary" : {
        "attachments" : 0,
        "steps" : 0
      },
      "status" : "PASSED",
      "attachments" : [ ],
      "steps" : [ ]
    }, {
      "name" : "Verify medium text",
      "title" : "Verify medium text",
      "time" : {
        "start" : 1526228711012,
        "stop" : 1526228711013,
        "duration" : 1
      },
      "summary" : {
        "attachments" : 0,
        "steps" : 0
      },
      "status" : "PASSED",
      "attachments" : [ ],
      "steps" : [ ]
    }, {
      "name" : "Pass~ Actual result: Medium match expectation: Medium",
      "title" : "Pass~ Actual result: Medium match expectation: Medium",
      "time" : {
        "start" : 1526228711109,
        "stop" : 1526228711109,
        "duration" : 0
      },
      "summary" : {
        "attachments" : 0,
        "steps" : 0
      },
      "status" : "PASSED",
      "attachments" : [ ],
      "steps" : [ ]
    }, {
      "name" : "Verify large text",
      "title" : "Verify large text",
      "time" : {
        "start" : 1526228711109,
        "stop" : 1526228711109,
        "duration" : 0
      },
      "summary" : {
        "attachments" : 0,
        "steps" : 0
      },
      "status" : "PASSED",
      "attachments" : [ ],
      "steps" : [ ]
    }, {
      "name" : "Pass~ Actual result: Large match expectation: Large",
      "title" : "Pass~ Actual result: Large match expectation: Large",
      "time" : {
        "start" : 1526228711192,
        "stop" : 1526228711193,
        "duration" : 1
      },
      "summary" : {
        "attachments" : 0,
        "steps" : 0
      },
      "status" : "PASSED",
      "attachments" : [ ],
      "steps" : [ ]
    }, {
      "name" : "Verify selectable text",
      "title" : "Verify selectable text",
      "time" : {
        "start" : 1526228711193,
        "stop" : 1526228711193,
        "duration" : 0
      },
      "summary" : {
        "attachments" : 0,
        "steps" : 0
      },
      "status" : "PASSED",
      "attachments" : [ ],
      "steps" : [ ]
    }, {
      "name" : "Mismatched!! Actual result: Selectable <-> expectation: NotSelectable",
      "title" : "Mismatched!! Actual result: Selectable <-> expectation: NotSelectable",
      "time" : {
        "start" : 1526228711266,
        "stop" : 1526228711977,
        "duration" : 711
      },
      "summary" : {
        "attachments" : 1,
        "steps" : 0
      },
      "status" : "FAILED",
      "attachments" : [ {
        "title" : "Assertion error screenshot",
        "source" : "517df3f0-da5c-4e41-ac4a-967347863be1-attachment.png",
        "type" : "image/png",
        "size" : 79135,
        "uid" : "88445afe48d98f01"
      } ],
      "steps" : [ ]
    } ]
  } ],
  "attachments" : [ {
    "title" : "Test completed screenshot",
    "source" : "6312afc4-2a44-49b6-afbc-e4124c4dc73f-attachment.png",
    "type" : "image/png",
    "size" : 79135,
    "uid" : "5390e88235899669"
  } ],
  "issues" : [ ],
  "labels" : [ {
    "name" : "story",
    "value" : "Text on text view check"
  }, {
    "name" : "host",
    "value" : "Dag-MacBook-Pro"
  }, {
    "name" : "suite-name",
    "value" : "API_Demos"
  }, {
    "name" : "thread",
    "value" : "23587-MainThread"
  }, {
    "name" : "framework",
    "value" : "pytest"
  }, {
    "name" : "feature",
    "value" : "API Demo Test"
  }, {
    "name" : "suite-title",
    "value" : null
  }, {
    "name" : "severity",
    "value" : "normal"
  }, {
    "name" : "language",
    "value" : "cpython3"
  } ],
  "parameters" : [ ]
}